<?xml version="1.0" encoding="UTF-8"?>
<!-- Generated by org.testng.reporters.JUnitReportReporter -->
<testsuite hostname="LAPTOP-M2A8A7B6" failures="0" tests="1" name="com.qa.test.rest.GetCallBBD" time="2.832" errors="0" timestamp="2022-07-07T19:23:05 IST" skipped="0">
  <testcase classname="com.qa.test.rest.GetCallBBD" name="RestAssureApiBBD" time="2.832"/>
  <system-out/>
</testsuite> <!-- com.qa.test.rest.GetCallBBD -->
