<?xml version="1.0" encoding="UTF-8"?>
<!-- Generated by org.testng.reporters.JUnitReportReporter -->
<testsuite hostname="LAPTOP-M2A8A7B6" failures="0" tests="3" name="com.qa.test.rest.PostCall" time="16.727" errors="0" timestamp="2022-07-19T19:19:00 IST" skipped="2">
  <testcase classname="com.qa.test.rest.PostCall" name="postGet" time="16.727"/>
  <system-out/>
  <testcase classname="com.qa.test.rest.PostCall" name="GetAPIOperations">
    <skipped/>
  </testcase> <!-- GetAPIOperations -->
  <system-out/>
  <testcase classname="com.qa.test.rest.PostCall" name="GetAPIOperations2">
    <skipped/>
  </testcase> <!-- GetAPIOperations2 -->
  <system-out/>
</testsuite> <!-- com.qa.test.rest.PostCall -->
